<?xml version="1.0" encoding="utf-8"?><testsuites name="pytest tests"><testsuite name="pytest" errors="0" failures="1" skipped="0" tests="12" time="13.020" timestamp="2026-02-22T01:56:25.901700+00:00" hostname="agent-env-9e47d1e6-1ff1-46f6-b330-f411032d5bb2"><testcase classname="tests.test_n8n_deployment.TestN8nDeployment" name="test_flowforge_health" time="0.718" /><testcase classname="tests.test_n8n_deployment.TestN8nDeployment" name="test_get_deployed_tools_for_unit" time="0.603" /><testcase classname="tests.test_n8n_deployment.TestN8nDeployment" name="test_get_deployed_tools_with_n8n_workflow_id" time="0.593" /><testcase classname="tests.test_n8n_deployment.TestN8nDeployment" name="test_get_specific_deployed_tool" time="0.826" /><testcase classname="tests.test_n8n_deployment.TestN8nDeployment" name="test_activate_tool_requires_admin" time="1.773"><failure message="assert 520 in [200, 500]&#10; +  where 520 = &lt;Response [520]&gt;.status_code">tests/test_n8n_deployment.py:172: in test_activate_tool_requires_admin
    assert response.status_code in [200, 500]
E   assert 520 in [200, 500]
E    +  where 520 = &lt;Response [520]&gt;.status_code</failure></testcase><testcase classname="tests.test_n8n_deployment.TestN8nDeployment" name="test_activate_tool_without_workflow_id_fails" time="0.803" /><testcase classname="tests.test_n8n_deployment.TestN8nDeployment" name="test_get_approvals_list" time="0.598" /><testcase classname="tests.test_n8n_deployment.TestN8nDeployment" name="test_get_pending_approvals" time="0.572" /><testcase classname="tests.test_n8n_deployment.TestN8nDeployment" name="test_get_approval_stats" time="0.740" /><testcase classname="tests.test_n8n_deployment.TestN8nDeployment" name="test_create_approval_and_approve_flow" time="2.790" /><testcase classname="tests.test_n8n_deployment.TestN8nDeployment" name="test_reject_approval_flow" time="1.537" /><testcase classname="tests.test_n8n_deployment.TestN8nDeployment" name="test_request_changes_flow" time="1.363" /></testsuite></testsuites>