<?xml version="1.0" encoding="utf-8"?><testsuites name="pytest tests"><testsuite name="pytest" errors="0" failures="1" skipped="0" tests="11" time="29.303" timestamp="2026-02-19T23:47:41.396925+00:00" hostname="agent-env-7e833dc4-49b4-454d-a4f3-df31192c0c73"><testcase classname="backend.tests.test_phase3_duplicate_detection.TestFlowForgeHealth" name="test_health_returns_supabase_connected" time="0.379" /><testcase classname="backend.tests.test_phase3_duplicate_detection.TestInventorySync" name="test_inventory_sync_endpoint" time="2.461"><failure message="assert 520 == 200&#10; +  where 520 = &lt;Response [520]&gt;.status_code">backend/tests/test_phase3_duplicate_detection.py:64: in test_inventory_sync_endpoint
    assert response.status_code == 200
E   assert 520 == 200
E    +  where 520 = &lt;Response [520]&gt;.status_code</failure></testcase><testcase classname="backend.tests.test_phase3_duplicate_detection.TestInventoryList" name="test_inventory_list_returns_workflows" time="0.643" /><testcase classname="backend.tests.test_phase3_duplicate_detection.TestInventoryList" name="test_inventory_list_with_unit_filter" time="0.579" /><testcase classname="backend.tests.test_phase3_duplicate_detection.TestInventorySearch" name="test_inventory_search_endpoint" time="0.625" /><testcase classname="backend.tests.test_phase3_duplicate_detection.TestInventorySearch" name="test_inventory_search_with_different_queries" time="1.054" /><testcase classname="backend.tests.test_phase3_duplicate_detection.TestDuplicateDetectionInGenerate" name="test_generate_with_check_duplicates_true" time="9.511" /><testcase classname="backend.tests.test_phase3_duplicate_detection.TestDuplicateDetectionInGenerate" name="test_generate_without_duplicate_check" time="6.279" /><testcase classname="backend.tests.test_phase3_duplicate_detection.TestDuplicateAlertStructure" name="test_duplicate_data_structure_when_found" time="5.701" /><testcase classname="backend.tests.test_phase3_duplicate_detection.TestMessageWithDuplicateData" name="test_save_message_with_duplicate_data" time="0.935" /><testcase classname="backend.tests.test_phase3_duplicate_detection.TestMessageWithDuplicateData" name="test_retrieve_message_with_duplicate_data" time="1.033" /></testsuite></testsuites>